<?xml version="1.0" encoding="UTF-8"?>
<testsuite name="cc.kertaskerja.manrisk.manajemenrisiko.ManajemenrisikoApplicationTests" tests="1" skipped="0" failures="0" errors="0" timestamp="2025-06-03T18:07:03.809Z" hostname="192.168.0.12" time="0.315">
  <properties/>
  <testcase name="contextLoads()" classname="cc.kertaskerja.manrisk.manajemenrisiko.ManajemenrisikoApplicationTests" time="0.315"/>
  <system-out><![CDATA[01:07:00.805 [Test worker] INFO org.springframework.test.context.support.AnnotationConfigContextLoaderUtils -- Could not detect default configuration classes for test class [cc.kertaskerja.manrisk.manajemenrisiko.ManajemenrisikoApplicationTests]: ManajemenrisikoApplicationTests does not declare any static, non-private, non-final, nested classes annotated with @Configuration.
01:07:00.863 [Test worker] INFO org.springframework.boot.test.context.SpringBootTestContextBootstrapper -- Found @SpringBootConfiguration cc.kertaskerja.manrisk.manajemenrisiko.ManajemenrisikoApplication for test class cc.kertaskerja.manrisk.manajemenrisiko.ManajemenrisikoApplicationTests
2025-06-04T01:07:01.100+07:00 DEBUG 23918 --- [manajemenrisiko] [    Test worker] o.s.w.c.s.GenericWebApplicationContext   : Refreshing org.springframework.web.context.support.GenericWebApplicationContext@6345e7b9
2025-06-04T01:07:02.122+07:00  WARN 23918 --- [manajemenrisiko] [    Test worker] org.hibernate.orm.deprecation            : HHH90000025: PostgreSQLDialect does not need to be specified explicitly using 'hibernate.dialect' (remove the property setting and it will be selected by default)
2025-06-04T01:07:02.595+07:00 DEBUG 23918 --- [manajemenrisiko] [    Test worker] org.hibernate.SQL                        : 
    create table rekin (
        id bigint generated by default as identity,
        created_date timestamp(6),
        updated_date timestamp(6),
        dampak TEXT,
        id_rekin varchar(50) not null,
        keterangan TEXT,
        kode_opd varchar(50) not null,
        nip_asn varchar(20) not null,
        penyebab_permasalahan TEXT,
        permasalahan TEXT,
        pernyataan_risiko TEXT,
        pihak_yang_terkena TEXT,
        skala_dampak varchar(50) not null,
        skala_kemungkinan varchar(50) not null,
        status varchar(50),
        status_manrisk varchar(100),
        tahun varchar(4) not null,
        version integer not null,
        primary key (id)
    )
Hibernate: 
    create table rekin (
        id bigint generated by default as identity,
        created_date timestamp(6),
        updated_date timestamp(6),
        dampak TEXT,
        id_rekin varchar(50) not null,
        keterangan TEXT,
        kode_opd varchar(50) not null,
        nip_asn varchar(20) not null,
        penyebab_permasalahan TEXT,
        permasalahan TEXT,
        pernyataan_risiko TEXT,
        pihak_yang_terkena TEXT,
        skala_dampak varchar(50) not null,
        skala_kemungkinan varchar(50) not null,
        status varchar(50),
        status_manrisk varchar(100),
        tahun varchar(4) not null,
        version integer not null,
        primary key (id)
    )
2025-06-04T01:07:03.252+07:00  WARN 23918 --- [manajemenrisiko] [    Test worker] JpaBaseConfiguration$JpaWebConfiguration : spring.jpa.open-in-view is enabled by default. Therefore, database queries may be performed during view rendering. Explicitly configure spring.jpa.open-in-view to disable this warning
2025-06-04T01:07:03.317+07:00 DEBUG 23918 --- [manajemenrisiko] [    Test worker] s.w.s.m.m.a.RequestMappingHandlerMapping : 11 mappings in 'requestMappingHandlerMapping'
2025-06-04T01:07:03.417+07:00 DEBUG 23918 --- [manajemenrisiko] [    Test worker] o.s.w.s.handler.SimpleUrlHandlerMapping  : Patterns [/webjars/**, /**, /swagger-ui*/*swagger-initializer.js, /swagger-ui*/**] in 'resourceHandlerMapping'
2025-06-04T01:07:03.436+07:00  WARN 23918 --- [manajemenrisiko] [    Test worker] .s.s.UserDetailsServiceAutoConfiguration : 

Using generated security password: c8b33e4d-e1f8-4b8c-b92b-acdf64a83ae8

This generated password is for development use only. Your security configuration must be updated before running your application in production.

2025-06-04T01:07:03.625+07:00 DEBUG 23918 --- [manajemenrisiko] [    Test worker] s.w.s.m.m.a.RequestMappingHandlerAdapter : ControllerAdvice beans: 0 @ModelAttribute, 0 @InitBinder, 1 RequestBodyAdvice, 1 ResponseBodyAdvice
2025-06-04T01:07:03.655+07:00 DEBUG 23918 --- [manajemenrisiko] [    Test worker] .m.m.a.ExceptionHandlerExceptionResolver : ControllerAdvice beans: 2 @ExceptionHandler, 1 ResponseBodyAdvice
]]></system-out>
  <system-err><![CDATA[Mockito is currently self-attaching to enable the inline-mock-maker. This will no longer work in future releases of the JDK. Please add Mockito as an agent to your build as described in Mockito's documentation: https://javadoc.io/doc/org.mockito/mockito-core/latest/org.mockito/org/mockito/Mockito.html#0.3
WARNING: A Java agent has been loaded dynamically (/Users/majapahit/.gradle/caches/modules-2/files-2.1/net.bytebuddy/byte-buddy-agent/1.17.5/58f9507f5f28d1d3e7adfb4ec2fe37c29d332c9b/byte-buddy-agent-1.17.5.jar)
WARNING: If a serviceability tool is in use, please run with -XX:+EnableDynamicAgentLoading to hide this warning
WARNING: If a serviceability tool is not in use, please run with -Djdk.instrument.traceUsage for more information
WARNING: Dynamic loading of agents will be disallowed by default in a future release
]]></system-err>
</testsuite>
